app/build/intermediates/manifest_merge_blame_file/debug/manifest-merger-blame-debug-report.txt
1<?xml version="1.0" encoding="utf-8"?>
2<manifest xmlns:android="http://schemas.android.com/apk/res/android"
3    package="com.myvissions"
4    android:versionCode="1"
5    android:versionName="1.0" >
6
7    <uses-sdk
8        android:minSdkVersion="21"
9        android:targetSdkVersion="33" />
10
11    <uses-permission android:name="android.permission.SYSTEM_ALERT_WINDOW" />
11-->src/debug/AndroidManifest.xml:5:5-77
11-->src/debug/AndroidManifest.xml:5:22-75
12    <uses-permission android:name="android.permission.INTERNET" />
12-->src/main/AndroidManifest.xml:3:5-67
12-->src/main/AndroidManifest.xml:3:22-64
13    <uses-permission android:name="android.permission.ACCESS_WIFI_STATE" />
13-->[com.facebook.flipper:flipper:0.182.0] AndroidManifest.xml:16:5-76
13-->[com.facebook.flipper:flipper:0.182.0] AndroidManifest.xml:16:22-73
14    <uses-permission android:name="android.permission.WAKE_LOCK" />
14-->[:react-native-firebase_auth] AndroidManifest.xml:8:5-68
14-->[:react-native-firebase_auth] AndroidManifest.xml:8:22-65
15    <uses-permission android:name="android.permission.ACCESS_NETWORK_STATE" /> <!-- See https://developer.android.com/training/package-visibility/declaring for more details. -->
15-->[:react-native-firebase_auth] AndroidManifest.xml:9:5-79
15-->[:react-native-firebase_auth] AndroidManifest.xml:9:22-76
16    <queries>
16-->[com.stripe:financial-connections:20.27.3] AndroidManifest.xml:10:5-18:15
17
18        <!-- Added to check the default browser that will host the AuthFlow. -->
19        <intent>
19-->[com.stripe:financial-connections:20.27.3] AndroidManifest.xml:13:9-17:18
20            <action android:name="android.intent.action.VIEW" />
20-->[com.stripe:link:20.27.3] AndroidManifest.xml:21:17-69
20-->[com.stripe:link:20.27.3] AndroidManifest.xml:21:25-66
21
22            <data android:scheme="http" />
22-->[com.stripe:link:20.27.3] AndroidManifest.xml:26:17-29:51
22-->[com.stripe:link:20.27.3] AndroidManifest.xml:29:21-48
23        </intent>
24        <!-- Added to check if Chrome is installed for browser-based payment authentication (e.g. 3DS1). -->
25        <package android:name="com.android.chrome" /> <!-- Needs to be explicitly declared on Android R+ -->
25-->[com.stripe:payments-core:20.27.3] AndroidManifest.xml:11:9-54
25-->[com.stripe:payments-core:20.27.3] AndroidManifest.xml:11:18-51
26        <package android:name="com.google.android.apps.maps" />
26-->[com.google.android.gms:play-services-maps:18.0.2] AndroidManifest.xml:33:9-64
26-->[com.google.android.gms:play-services-maps:18.0.2] AndroidManifest.xml:33:18-61
27    </queries>
28
29    <uses-feature
29-->[com.google.android.gms:play-services-maps:18.0.2] AndroidManifest.xml:26:5-28:35
30        android:glEsVersion="0x00020000"
30-->[com.google.android.gms:play-services-maps:18.0.2] AndroidManifest.xml:27:9-41
31        android:required="true" />
31-->[com.google.android.gms:play-services-maps:18.0.2] AndroidManifest.xml:28:9-32
32
33    <uses-permission android:name="android.permission.POST_NOTIFICATIONS" /> <!-- Required by older versions of Google Play services to create IID tokens -->
33-->[com.google.firebase:firebase-messaging:23.1.2] AndroidManifest.xml:25:5-77
33-->[com.google.firebase:firebase-messaging:23.1.2] AndroidManifest.xml:25:22-74
34    <uses-permission android:name="com.google.android.c2dm.permission.RECEIVE" />
34-->[com.google.firebase:firebase-messaging:23.1.2] AndroidManifest.xml:28:5-82
34-->[com.google.firebase:firebase-messaging:23.1.2] AndroidManifest.xml:28:22-79
35    <uses-permission android:name="android.permission.RECEIVE_BOOT_COMPLETED" />
35-->[androidx.work:work-runtime:2.7.1] AndroidManifest.xml:27:5-81
35-->[androidx.work:work-runtime:2.7.1] AndroidManifest.xml:27:22-78
36    <uses-permission android:name="android.permission.FOREGROUND_SERVICE" />
36-->[androidx.work:work-runtime:2.7.1] AndroidManifest.xml:28:5-77
36-->[androidx.work:work-runtime:2.7.1] AndroidManifest.xml:28:22-74
37
38    <permission
38-->[androidx.core:core:1.9.0] AndroidManifest.xml:22:5-24:47
39        android:name="com.myvissions.DYNAMIC_RECEIVER_NOT_EXPORTED_PERMISSION"
39-->[androidx.core:core:1.9.0] AndroidManifest.xml:23:9-81
40        android:protectionLevel="signature" />
40-->[androidx.core:core:1.9.0] AndroidManifest.xml:24:9-44
41
42    <uses-permission android:name="com.myvissions.DYNAMIC_RECEIVER_NOT_EXPORTED_PERMISSION" />
42-->[androidx.core:core:1.9.0] AndroidManifest.xml:26:5-97
42-->[androidx.core:core:1.9.0] AndroidManifest.xml:26:22-94
43
44    <application
44-->src/main/AndroidManifest.xml:5:5-24:19
45        android:name="com.myvissions.MainApplication"
45-->src/main/AndroidManifest.xml:6:7-38
46        android:allowBackup="false"
46-->src/main/AndroidManifest.xml:10:7-34
47        android:appComponentFactory="androidx.core.app.CoreComponentFactory"
47-->[androidx.core:core:1.9.0] AndroidManifest.xml:28:18-86
48        android:debuggable="true"
49        android:icon="@mipmap/ic_launcher"
49-->src/main/AndroidManifest.xml:8:7-41
50        android:label="@string/app_name"
50-->src/main/AndroidManifest.xml:7:7-39
51        android:roundIcon="@mipmap/ic_launcher_round"
51-->src/main/AndroidManifest.xml:9:7-52
52        android:theme="@style/AppTheme"
52-->src/main/AndroidManifest.xml:11:7-38
53        android:usesCleartextTraffic="true" >
53-->src/debug/AndroidManifest.xml:8:9-44
54        <activity
54-->src/debug/AndroidManifest.xml:11:9-111
55            android:name="com.facebook.react.devsupport.DevSettingsActivity"
55-->src/debug/AndroidManifest.xml:11:19-83
56            android:exported="false" />
56-->src/debug/AndroidManifest.xml:11:84-108
57        <activity
57-->src/main/AndroidManifest.xml:12:7-23:18
58            android:name="com.myvissions.MainActivity"
58-->src/main/AndroidManifest.xml:13:9-37
59            android:configChanges="keyboard|keyboardHidden|orientation|screenLayout|screenSize|smallestScreenSize|uiMode"
59-->src/main/AndroidManifest.xml:15:9-118
60            android:exported="true"
60-->src/main/AndroidManifest.xml:18:9-32
61            android:label="@string/app_name"
61-->src/main/AndroidManifest.xml:14:9-41
62            android:launchMode="singleTask"
62-->src/main/AndroidManifest.xml:16:9-40
63            android:windowSoftInputMode="adjustResize" >
63-->src/main/AndroidManifest.xml:17:9-51
64            <intent-filter>
64-->src/main/AndroidManifest.xml:19:9-22:25
65                <action android:name="android.intent.action.MAIN" />
65-->src/main/AndroidManifest.xml:20:13-65
65-->src/main/AndroidManifest.xml:20:21-62
66
67                <category android:name="android.intent.category.LAUNCHER" />
67-->src/main/AndroidManifest.xml:21:13-73
67-->src/main/AndroidManifest.xml:21:23-70
68            </intent-filter>
69        </activity>
70
71        <service
71-->[:react-native-firebase_messaging] AndroidManifest.xml:12:9-14:40
72            android:name="io.invertase.firebase.messaging.ReactNativeFirebaseMessagingHeadlessService"
72-->[:react-native-firebase_messaging] AndroidManifest.xml:13:13-103
73            android:exported="false" />
73-->[:react-native-firebase_messaging] AndroidManifest.xml:14:13-37
74        <service
74-->[:react-native-firebase_messaging] AndroidManifest.xml:15:9-21:19
75            android:name="io.invertase.firebase.messaging.ReactNativeFirebaseMessagingService"
75-->[:react-native-firebase_messaging] AndroidManifest.xml:16:13-95
76            android:exported="false" >
76-->[:react-native-firebase_messaging] AndroidManifest.xml:17:13-37
77            <intent-filter>
77-->[:react-native-firebase_messaging] AndroidManifest.xml:18:13-20:29
78                <action android:name="com.google.firebase.MESSAGING_EVENT" />
78-->[:react-native-firebase_messaging] AndroidManifest.xml:19:17-78
78-->[:react-native-firebase_messaging] AndroidManifest.xml:19:25-75
79            </intent-filter>
80        </service>
81
82        <receiver
82-->[:react-native-firebase_messaging] AndroidManifest.xml:23:9-30:20
83            android:name="io.invertase.firebase.messaging.ReactNativeFirebaseMessagingReceiver"
83-->[:react-native-firebase_messaging] AndroidManifest.xml:24:13-96
84            android:exported="true"
84-->[:react-native-firebase_messaging] AndroidManifest.xml:25:13-36
85            android:permission="com.google.android.c2dm.permission.SEND" >
85-->[:react-native-firebase_messaging] AndroidManifest.xml:26:13-73
86            <intent-filter>
86-->[:react-native-firebase_messaging] AndroidManifest.xml:27:13-29:29
87                <action android:name="com.google.android.c2dm.intent.RECEIVE" />
87-->[:react-native-firebase_messaging] AndroidManifest.xml:28:17-81
87-->[:react-native-firebase_messaging] AndroidManifest.xml:28:25-78
88            </intent-filter>
89        </receiver>
90
91        <meta-data
91-->[:react-native-firebase_messaging] AndroidManifest.xml:32:9-34:36
92            android:name="firebase_messaging_auto_init_enabled"
92-->[:react-native-firebase_messaging] AndroidManifest.xml:33:13-64
93            android:value="true" />
93-->[:react-native-firebase_messaging] AndroidManifest.xml:34:13-33
94        <meta-data
94-->[:react-native-firebase_messaging] AndroidManifest.xml:35:9-37:32
95            android:name="com.google.firebase.messaging.default_notification_channel_id"
95-->[:react-native-firebase_messaging] AndroidManifest.xml:36:13-89
96            android:value="" />
96-->[:react-native-firebase_messaging] AndroidManifest.xml:37:13-29
97        <meta-data
97-->[:react-native-firebase_messaging] AndroidManifest.xml:38:9-40:47
98            android:name="com.google.firebase.messaging.default_notification_color"
98-->[:react-native-firebase_messaging] AndroidManifest.xml:39:13-84
99            android:resource="@color/white" />
99-->[:react-native-firebase_messaging] AndroidManifest.xml:40:13-44
100        <meta-data
100-->[:react-native-firebase_app] AndroidManifest.xml:9:9-11:36
101            android:name="app_data_collection_default_enabled"
101-->[:react-native-firebase_app] AndroidManifest.xml:10:13-63
102            android:value="true" />
102-->[:react-native-firebase_app] AndroidManifest.xml:11:13-33
103
104        <service
104-->[:react-native-firebase_app] AndroidManifest.xml:13:9-21:19
105            android:name="com.google.firebase.components.ComponentDiscoveryService"
105-->[:react-native-firebase_app] AndroidManifest.xml:14:13-84
106            android:directBootAware="true"
106-->[:react-native-firebase_app] AndroidManifest.xml:15:13-43
107            android:exported="false" >
107-->[:react-native-firebase_app] AndroidManifest.xml:16:13-37
108            <meta-data
108-->[:react-native-firebase_app] AndroidManifest.xml:18:13-20:85
109                android:name="com.google.firebase.components:io.invertase.firebase.app.ReactNativeFirebaseAppRegistrar"
109-->[:react-native-firebase_app] AndroidManifest.xml:19:17-120
110                android:value="com.google.firebase.components.ComponentRegistrar" />
110-->[:react-native-firebase_app] AndroidManifest.xml:20:17-82
111            <meta-data
111-->[com.google.firebase:firebase-messaging:23.1.2] AndroidManifest.xml:55:13-57:85
112                android:name="com.google.firebase.components:com.google.firebase.messaging.FirebaseMessagingRegistrar"
112-->[com.google.firebase:firebase-messaging:23.1.2] AndroidManifest.xml:56:17-119
113                android:value="com.google.firebase.components.ComponentRegistrar" />
113-->[com.google.firebase:firebase-messaging:23.1.2] AndroidManifest.xml:57:17-82
114            <meta-data
114-->[com.google.firebase:firebase-auth:22.0.0] AndroidManifest.xml:69:13-71:85
115                android:name="com.google.firebase.components:com.google.firebase.auth.FirebaseAuthRegistrar"
115-->[com.google.firebase:firebase-auth:22.0.0] AndroidManifest.xml:70:17-109
116                android:value="com.google.firebase.components.ComponentRegistrar" />
116-->[com.google.firebase:firebase-auth:22.0.0] AndroidManifest.xml:71:17-82
117            <meta-data
117-->[com.google.firebase:firebase-datatransport:18.1.7] AndroidManifest.xml:27:13-29:85
118                android:name="com.google.firebase.components:com.google.firebase.datatransport.TransportRegistrar"
118-->[com.google.firebase:firebase-datatransport:18.1.7] AndroidManifest.xml:28:17-115
119                android:value="com.google.firebase.components.ComponentRegistrar" />
119-->[com.google.firebase:firebase-datatransport:18.1.7] AndroidManifest.xml:29:17-82
120            <meta-data
120-->[com.google.firebase:firebase-installations:17.1.3] AndroidManifest.xml:17:13-19:85
121                android:name="com.google.firebase.components:com.google.firebase.installations.FirebaseInstallationsRegistrar"
121-->[com.google.firebase:firebase-installations:17.1.3] AndroidManifest.xml:18:17-127
122                android:value="com.google.firebase.components.ComponentRegistrar" />
122-->[com.google.firebase:firebase-installations:17.1.3] AndroidManifest.xml:19:17-82
123        </service>
124
125        <provider
125-->[:react-native-firebase_app] AndroidManifest.xml:23:9-27:38
126            android:name="io.invertase.firebase.app.ReactNativeFirebaseAppInitProvider"
126-->[:react-native-firebase_app] AndroidManifest.xml:24:13-88
127            android:authorities="com.myvissions.reactnativefirebaseappinitprovider"
127-->[:react-native-firebase_app] AndroidManifest.xml:25:13-86
128            android:exported="false"
128-->[:react-native-firebase_app] AndroidManifest.xml:26:13-37
129            android:initOrder="99" />
129-->[:react-native-firebase_app] AndroidManifest.xml:27:13-35
130        <provider
130-->[:react-native-image-picker] AndroidManifest.xml:8:9-16:20
131            android:name="com.imagepicker.ImagePickerProvider"
131-->[:react-native-image-picker] AndroidManifest.xml:9:13-63
132            android:authorities="com.myvissions.imagepickerprovider"
132-->[:react-native-image-picker] AndroidManifest.xml:10:13-71
133            android:exported="false"
133-->[:react-native-image-picker] AndroidManifest.xml:11:13-37
134            android:grantUriPermissions="true" >
134-->[:react-native-image-picker] AndroidManifest.xml:12:13-47
135            <meta-data
135-->[:react-native-image-picker] AndroidManifest.xml:13:13-15:70
136                android:name="android.support.FILE_PROVIDER_PATHS"
136-->[:react-native-image-picker] AndroidManifest.xml:14:17-67
137                android:resource="@xml/imagepicker_provider_paths" />
137-->[:react-native-image-picker] AndroidManifest.xml:15:17-67
138        </provider>
139
140        <meta-data
140-->[com.github.bumptech.glide:okhttp3-integration:4.12.0] AndroidManifest.xml:11:9-13:43
141            android:name="com.bumptech.glide.integration.okhttp3.OkHttpGlideModule"
141-->[com.github.bumptech.glide:okhttp3-integration:4.12.0] AndroidManifest.xml:12:13-84
142            android:value="GlideModule" />
142-->[com.github.bumptech.glide:okhttp3-integration:4.12.0] AndroidManifest.xml:13:13-40
143
144        <activity
144-->[com.stripe:paymentsheet:20.27.3] AndroidManifest.xml:8:9-12:58
145            android:name="com.stripe.android.paymentsheet.PaymentSheetActivity"
145-->[com.stripe:paymentsheet:20.27.3] AndroidManifest.xml:9:13-80
146            android:exported="false"
146-->[com.stripe:paymentsheet:20.27.3] AndroidManifest.xml:10:13-37
147            android:theme="@style/StripePaymentSheetDefaultTheme"
147-->[com.stripe:paymentsheet:20.27.3] AndroidManifest.xml:11:13-66
148            android:windowSoftInputMode="adjustResize" />
148-->[com.stripe:paymentsheet:20.27.3] AndroidManifest.xml:12:13-55
149        <activity
149-->[com.stripe:paymentsheet:20.27.3] AndroidManifest.xml:13:9-17:58
150            android:name="com.stripe.android.paymentsheet.PaymentOptionsActivity"
150-->[com.stripe:paymentsheet:20.27.3] AndroidManifest.xml:14:13-82
151            android:exported="false"
151-->[com.stripe:paymentsheet:20.27.3] AndroidManifest.xml:15:13-37
152            android:theme="@style/StripePaymentSheetDefaultTheme"
152-->[com.stripe:paymentsheet:20.27.3] AndroidManifest.xml:16:13-66
153            android:windowSoftInputMode="adjustResize" />
153-->[com.stripe:paymentsheet:20.27.3] AndroidManifest.xml:17:13-55
154        <activity
154-->[com.stripe:paymentsheet:20.27.3] AndroidManifest.xml:18:9-22:58
155            android:name="com.stripe.android.customersheet.CustomerSheetActivity"
155-->[com.stripe:paymentsheet:20.27.3] AndroidManifest.xml:19:13-82
156            android:exported="false"
156-->[com.stripe:paymentsheet:20.27.3] AndroidManifest.xml:20:13-37
157            android:theme="@style/StripePaymentSheetDefaultTheme"
157-->[com.stripe:paymentsheet:20.27.3] AndroidManifest.xml:21:13-66
158            android:windowSoftInputMode="adjustResize" />
158-->[com.stripe:paymentsheet:20.27.3] AndroidManifest.xml:22:13-55
159        <activity
159-->[com.stripe:paymentsheet:20.27.3] AndroidManifest.xml:23:9-26:69
160            android:name="com.stripe.android.paymentsheet.addresselement.AddressElementActivity"
160-->[com.stripe:paymentsheet:20.27.3] AndroidManifest.xml:24:13-97
161            android:exported="false"
161-->[com.stripe:paymentsheet:20.27.3] AndroidManifest.xml:25:13-37
162            android:theme="@style/StripePaymentSheetDefaultTheme" />
162-->[com.stripe:paymentsheet:20.27.3] AndroidManifest.xml:26:13-66
163        <activity
163-->[com.stripe:paymentsheet:20.27.3] AndroidManifest.xml:27:9-30:69
164            android:name="com.stripe.android.paymentsheet.paymentdatacollection.polling.PollingActivity"
164-->[com.stripe:paymentsheet:20.27.3] AndroidManifest.xml:28:13-105
165            android:exported="false"
165-->[com.stripe:paymentsheet:20.27.3] AndroidManifest.xml:29:13-37
166            android:theme="@style/StripePaymentSheetDefaultTheme" />
166-->[com.stripe:paymentsheet:20.27.3] AndroidManifest.xml:30:13-66
167        <activity
167-->[com.stripe:link:20.27.3] AndroidManifest.xml:8:9-13:61
168            android:name="com.stripe.android.link.LinkForegroundActivity"
168-->[com.stripe:link:20.27.3] AndroidManifest.xml:9:13-74
169            android:autoRemoveFromRecents="true"
169-->[com.stripe:link:20.27.3] AndroidManifest.xml:10:13-49
170            android:configChanges="orientation|keyboard|keyboardHidden|screenLayout|screenSize|smallestScreenSize"
170-->[com.stripe:link:20.27.3] AndroidManifest.xml:11:13-115
171            android:launchMode="singleTop"
171-->[com.stripe:link:20.27.3] AndroidManifest.xml:12:13-43
172            android:theme="@style/StripeTransparentTheme" />
172-->[com.stripe:link:20.27.3] AndroidManifest.xml:13:13-58
173        <activity
173-->[com.stripe:link:20.27.3] AndroidManifest.xml:14:9-31:20
174            android:name="com.stripe.android.link.LinkRedirectHandlerActivity"
174-->[com.stripe:link:20.27.3] AndroidManifest.xml:15:13-79
175            android:autoRemoveFromRecents="true"
175-->[com.stripe:link:20.27.3] AndroidManifest.xml:16:13-49
176            android:exported="true"
176-->[com.stripe:link:20.27.3] AndroidManifest.xml:17:13-36
177            android:launchMode="singleInstance"
177-->[com.stripe:link:20.27.3] AndroidManifest.xml:18:13-48
178            android:theme="@style/StripeTransparentTheme" >
178-->[com.stripe:link:20.27.3] AndroidManifest.xml:19:13-58
179            <intent-filter>
179-->[com.stripe:link:20.27.3] AndroidManifest.xml:20:13-30:29
180                <action android:name="android.intent.action.VIEW" />
180-->[com.stripe:link:20.27.3] AndroidManifest.xml:21:17-69
180-->[com.stripe:link:20.27.3] AndroidManifest.xml:21:25-66
181
182                <category android:name="android.intent.category.DEFAULT" />
182-->[com.stripe:link:20.27.3] AndroidManifest.xml:23:17-76
182-->[com.stripe:link:20.27.3] AndroidManifest.xml:23:27-73
183                <category android:name="android.intent.category.BROWSABLE" />
183-->[com.stripe:link:20.27.3] AndroidManifest.xml:24:17-78
183-->[com.stripe:link:20.27.3] AndroidManifest.xml:24:27-75
184
185                <data
185-->[com.stripe:link:20.27.3] AndroidManifest.xml:26:17-29:51
186                    android:host="complete"
186-->[com.stripe:link:20.27.3] AndroidManifest.xml:27:21-44
187                    android:path="/com.myvissions"
187-->[com.stripe:link:20.27.3] AndroidManifest.xml:28:21-53
188                    android:scheme="link-popup" />
188-->[com.stripe:link:20.27.3] AndroidManifest.xml:29:21-48
189            </intent-filter>
190        </activity>
191        <activity
191-->[com.stripe:financial-connections:20.27.3] AndroidManifest.xml:21:9-64:20
192            android:name="com.stripe.android.financialconnections.FinancialConnectionsSheetRedirectActivity"
192-->[com.stripe:financial-connections:20.27.3] AndroidManifest.xml:22:13-109
193            android:exported="true" >
193-->[com.stripe:financial-connections:20.27.3] AndroidManifest.xml:23:13-36
194            <intent-filter>
194-->[com.stripe:financial-connections:20.27.3] AndroidManifest.xml:24:13-63:29
195                <action android:name="android.intent.action.VIEW" />
195-->[com.stripe:link:20.27.3] AndroidManifest.xml:21:17-69
195-->[com.stripe:link:20.27.3] AndroidManifest.xml:21:25-66
196
197                <category android:name="android.intent.category.DEFAULT" />
197-->[com.stripe:link:20.27.3] AndroidManifest.xml:23:17-76
197-->[com.stripe:link:20.27.3] AndroidManifest.xml:23:27-73
198                <category android:name="android.intent.category.BROWSABLE" />
198-->[com.stripe:link:20.27.3] AndroidManifest.xml:24:17-78
198-->[com.stripe:link:20.27.3] AndroidManifest.xml:24:27-75
199
200                <!-- Returning from app2app: return_url is triggered to reopen web AuthFlow and poll accounts. -->
201                <data
201-->[com.stripe:link:20.27.3] AndroidManifest.xml:26:17-29:51
202                    android:host="link-accounts"
202-->[com.stripe:link:20.27.3] AndroidManifest.xml:27:21-44
203                    android:pathPrefix="/com.myvissions/authentication_return"
204                    android:scheme="stripe-auth" />
204-->[com.stripe:link:20.27.3] AndroidManifest.xml:29:21-48
205
206                <!-- Returning from app2app: return_url is triggered to reopen native AuthFlow and poll accounts. -->
207                <data
207-->[com.stripe:link:20.27.3] AndroidManifest.xml:26:17-29:51
208                    android:host="link-native-accounts"
208-->[com.stripe:link:20.27.3] AndroidManifest.xml:27:21-44
209                    android:pathPrefix="/com.myvissions/authentication_return"
210                    android:scheme="stripe-auth" />
210-->[com.stripe:link:20.27.3] AndroidManifest.xml:29:21-48
211
212                <!-- End of web AuthFlow success and cancel URIs that begin with "stripe-auth://link-accounts/{app-id}/...” -->
213                <data
213-->[com.stripe:link:20.27.3] AndroidManifest.xml:26:17-29:51
214                    android:host="link-accounts"
214-->[com.stripe:link:20.27.3] AndroidManifest.xml:27:21-44
215                    android:path="/com.myvissions/success"
215-->[com.stripe:link:20.27.3] AndroidManifest.xml:28:21-53
216                    android:scheme="stripe-auth" />
216-->[com.stripe:link:20.27.3] AndroidManifest.xml:29:21-48
217                <data
217-->[com.stripe:link:20.27.3] AndroidManifest.xml:26:17-29:51
218                    android:host="link-accounts"
218-->[com.stripe:link:20.27.3] AndroidManifest.xml:27:21-44
219                    android:path="/com.myvissions/cancel"
219-->[com.stripe:link:20.27.3] AndroidManifest.xml:28:21-53
220                    android:scheme="stripe-auth" />
220-->[com.stripe:link:20.27.3] AndroidManifest.xml:29:21-48
221
222                <!-- Opening app2app: Web flow triggers stripe-auth://native-redirect/{app-id}/http://web-that-redirects-to-native -->
223                <data
223-->[com.stripe:link:20.27.3] AndroidManifest.xml:26:17-29:51
224                    android:host="native-redirect"
224-->[com.stripe:link:20.27.3] AndroidManifest.xml:27:21-44
225                    android:pathPrefix="/com.myvissions"
226                    android:scheme="stripe-auth" />
226-->[com.stripe:link:20.27.3] AndroidManifest.xml:29:21-48
227
228                <!-- Accepts success/cancel/fail URIs that begin with "stripe://auth-redirect” -->
229                <data
229-->[com.stripe:link:20.27.3] AndroidManifest.xml:26:17-29:51
230                    android:host="auth-redirect"
230-->[com.stripe:link:20.27.3] AndroidManifest.xml:27:21-44
231                    android:pathPrefix="/com.myvissions"
232                    android:scheme="stripe" />
232-->[com.stripe:link:20.27.3] AndroidManifest.xml:29:21-48
233            </intent-filter>
234        </activity>
235        <activity
235-->[com.stripe:financial-connections:20.27.3] AndroidManifest.xml:65:9-68:57
236            android:name="com.stripe.android.financialconnections.FinancialConnectionsSheetActivity"
236-->[com.stripe:financial-connections:20.27.3] AndroidManifest.xml:66:13-101
237            android:exported="false"
237-->[com.stripe:financial-connections:20.27.3] AndroidManifest.xml:67:13-37
238            android:theme="@style/StripeDefaultTheme" />
238-->[com.stripe:financial-connections:20.27.3] AndroidManifest.xml:68:13-54
239        <activity
239-->[com.stripe:financial-connections:20.27.3] AndroidManifest.xml:69:9-73:58
240            android:name="com.stripe.android.financialconnections.ui.FinancialConnectionsSheetNativeActivity"
240-->[com.stripe:financial-connections:20.27.3] AndroidManifest.xml:70:13-110
241            android:exported="false"
241-->[com.stripe:financial-connections:20.27.3] AndroidManifest.xml:71:13-37
242            android:theme="@style/StripeDefaultTheme"
242-->[com.stripe:financial-connections:20.27.3] AndroidManifest.xml:72:13-54
243            android:windowSoftInputMode="adjustResize" />
243-->[com.stripe:financial-connections:20.27.3] AndroidManifest.xml:73:13-55
244
245        <provider
245-->[com.stripe:financial-connections:20.27.3] AndroidManifest.xml:75:9-79:43
246            android:name="com.stripe.android.financialconnections.appinitializer.FinancialConnectionsInitializer"
246-->[com.stripe:financial-connections:20.27.3] AndroidManifest.xml:76:13-114
247            android:authorities="com.myvissions.financialconnections-init"
247-->[com.stripe:financial-connections:20.27.3] AndroidManifest.xml:77:13-77
248            android:exported="false"
248-->[com.stripe:financial-connections:20.27.3] AndroidManifest.xml:78:13-37
249            android:multiprocess="true" />
249-->[com.stripe:financial-connections:20.27.3] AndroidManifest.xml:79:13-40
250
251        <activity
251-->[com.stripe:payments-ui-core:20.27.3] AndroidManifest.xml:8:9-11:69
252            android:name="com.stripe.android.ui.core.cardscan.CardScanActivity"
252-->[com.stripe:payments-ui-core:20.27.3] AndroidManifest.xml:9:13-80
253            android:exported="false"
253-->[com.stripe:payments-ui-core:20.27.3] AndroidManifest.xml:10:13-37
254            android:theme="@style/StripePaymentSheetDefaultTheme" />
254-->[com.stripe:payments-ui-core:20.27.3] AndroidManifest.xml:11:13-66
255        <activity
255-->[com.stripe:payments-core:20.27.3] AndroidManifest.xml:15:9-18:57
256            android:name="com.stripe.android.view.AddPaymentMethodActivity"
256-->[com.stripe:payments-core:20.27.3] AndroidManifest.xml:16:13-76
257            android:exported="false"
257-->[com.stripe:payments-core:20.27.3] AndroidManifest.xml:17:13-37
258            android:theme="@style/StripeDefaultTheme" />
258-->[com.stripe:payments-core:20.27.3] AndroidManifest.xml:18:13-54
259        <activity
259-->[com.stripe:payments-core:20.27.3] AndroidManifest.xml:19:9-22:57
260            android:name="com.stripe.android.view.PaymentMethodsActivity"
260-->[com.stripe:payments-core:20.27.3] AndroidManifest.xml:20:13-74
261            android:exported="false"
261-->[com.stripe:payments-core:20.27.3] AndroidManifest.xml:21:13-37
262            android:theme="@style/StripeDefaultTheme" />
262-->[com.stripe:payments-core:20.27.3] AndroidManifest.xml:22:13-54
263        <activity
263-->[com.stripe:payments-core:20.27.3] AndroidManifest.xml:23:9-26:57
264            android:name="com.stripe.android.view.PaymentFlowActivity"
264-->[com.stripe:payments-core:20.27.3] AndroidManifest.xml:24:13-71
265            android:exported="false"
265-->[com.stripe:payments-core:20.27.3] AndroidManifest.xml:25:13-37
266            android:theme="@style/StripeDefaultTheme" />
266-->[com.stripe:payments-core:20.27.3] AndroidManifest.xml:26:13-54
267        <activity
267-->[com.stripe:payments-core:20.27.3] AndroidManifest.xml:27:9-31:58
268            android:name="com.stripe.android.view.PaymentAuthWebViewActivity"
268-->[com.stripe:payments-core:20.27.3] AndroidManifest.xml:28:13-78
269            android:exported="false"
269-->[com.stripe:payments-core:20.27.3] AndroidManifest.xml:29:13-37
270            android:theme="@style/StripeDefaultTheme"
270-->[com.stripe:payments-core:20.27.3] AndroidManifest.xml:30:13-54
271            android:windowSoftInputMode="adjustResize" />
271-->[com.stripe:payments-core:20.27.3] AndroidManifest.xml:31:13-55
272        <activity
272-->[com.stripe:payments-core:20.27.3] AndroidManifest.xml:32:9-35:61
273            android:name="com.stripe.android.view.PaymentRelayActivity"
273-->[com.stripe:payments-core:20.27.3] AndroidManifest.xml:33:13-72
274            android:exported="false"
274-->[com.stripe:payments-core:20.27.3] AndroidManifest.xml:34:13-37
275            android:theme="@style/StripeTransparentTheme" />
275-->[com.stripe:payments-core:20.27.3] AndroidManifest.xml:35:13-58
276        <!--
277        Set android:launchMode="singleTop" so that the StripeBrowserLauncherActivity instance that
278        launched the browser Activity will also handle the return URL deep link.
279        -->